/*C3*/SET SCHEMA PUBLIC
DISCONNECT
/*C4*/SET SCHEMA FACTURACION
DELETE FROM AUTOR WHERE OID='402881c183b42f420183b433777a0002'
INSERT INTO AUTOR VALUES('402881c183b42f420183b433777a0002','Monse Ucan')
COMMIT
DELETE FROM PRODUCTO WHERE NUMERO=1
INSERT INTO PRODUCTO VALUES(1,'la selva','402881c183967075018396775d470000','B461C8DFC0A80141000000002140E27F','es un libro interesante',100.00,'402881c183b44c420183b4613ce50000')
COMMIT
DELETE FROM PRODUCTO WHERE NUMERO=2
INSERT INTO PRODUCTO VALUES(2,'la fauna','402881c183967075018396775d470000','B467923BC0A8014100000000CA7812B7','es muy bonito',50.00,'402881c183b44c420183b4613ce50000')
COMMIT
DELETE FROM AUTOR WHERE OID='402881c183b44c420183b4613ce50000'
INSERT INTO AUTOR VALUES('402881c183b44c420183b4613ce50000','juan perez')
COMMIT
DELETE FROM CLIENTE WHERE NUMERO=1
INSERT INTO CLIENTE VALUES(1,'Karina',7722,'cancun','merida','emiliano zapata')
COMMIT
DELETE FROM CLIENTE WHERE NUMERO=2
INSERT INTO CLIENTE VALUES(2,'Eleazar',2277,'Tulum','Punta Allen','parque')
COMMIT
DELETE FROM DOCUMENTOCOMERCIAL WHERE OID='402881c483ba1bc70183ba24d1d40001'
INSERT INTO DOCUMENTOCOMERCIAL VALUES('Factura','402881c483ba1bc70183ba24d1d40001',2022,'2022-10-08',1,'',2,NULL)
COMMIT
DELETE FROM DOCUMENTOCOMERCIAL WHERE OID='402881c483ba1bc70183ba285c8e0004'
INSERT INTO DOCUMENTOCOMERCIAL VALUES('Pedido','402881c483ba1bc70183ba285c8e0004',2022,'2022-10-08',2,'',2,'402881c483ba1bc70183ba2842890003')
DELETE FROM DOCUMENTOCOMERCIAL_DETALLES WHERE DOCUMENTOCOMERCIAL_OID='402881c483ba1bc70183ba285c8e0004' AND CANTIDAD=35 AND PRODUCTO_NUMERO=1
DELETE FROM DOCUMENTOCOMERCIAL_DETALLES WHERE DOCUMENTOCOMERCIAL_OID='402881c483ba1bc70183ba285c8e0004' AND CANTIDAD=3 AND PRODUCTO_NUMERO=2
INSERT INTO DOCUMENTOCOMERCIAL_DETALLES VALUES('402881c483ba1bc70183ba285c8e0004',35,1)
INSERT INTO DOCUMENTOCOMERCIAL_DETALLES VALUES('402881c483ba1bc70183ba285c8e0004',3,2)
COMMIT
DELETE FROM TUPRIMERAENTIDAD WHERE ID='402881c183b44c420183b47081e20002'
INSERT INTO TUPRIMERAENTIDAD VALUES('402881c183b44c420183b47081e20002','Monse Ucan','2022-10-07',1.00)
COMMIT
INSERT INTO CLIENTE VALUES(3,'Itzel',7720,'Tulum','Punta Allen','parque')
COMMIT
INSERT INTO DOCUMENTOCOMERCIAL VALUES('Factura','4028e58a83c821080183c830d0430000',2022,'2022-10-11',4,'',3,NULL)
INSERT INTO DOCUMENTOCOMERCIAL_DETALLES VALUES('4028e58a83c821080183c830d0430000',0,1)
COMMIT
DELETE FROM CATEGORIA WHERE OID='402881c183967075018396775d470000'
INSERT INTO CATEGORIA VALUES('402881c183967075018396775d470000','peliculas')
COMMIT
DELETE FROM PRODUCTO WHERE NUMERO=1
INSERT INTO PRODUCTO VALUES(1,'BTS','402881c18396707501839677801a0001','B461C8DFC0A80141000000002140E27F','es muy buena la musica',500.00,'402881c183b42f420183b433777a0002')
COMMIT
INSERT INTO DOCUMENTOCOMERCIAL VALUES('Factura','4028e58a83c821080183c839e4cf0001',2022,'2022-10-11',5,'',3,NULL)
INSERT INTO DOCUMENTOCOMERCIAL_DETALLES VALUES('4028e58a83c821080183c839e4cf0001',2,1)
COMMIT
DELETE FROM DOCUMENTOCOMERCIAL WHERE OID='402881c483ba1bc70183ba24d3f20002'
INSERT INTO DOCUMENTOCOMERCIAL VALUES('Pedido','402881c483ba1bc70183ba24d3f20002',2022,'2022-10-08',1,'',3,'402881c483ba1bc70183ba24d1d40001')
DELETE FROM DOCUMENTOCOMERCIAL_DETALLES WHERE DOCUMENTOCOMERCIAL_OID='402881c483ba1bc70183ba24d3f20002' AND CANTIDAD=3 AND PRODUCTO_NUMERO=1
DELETE FROM DOCUMENTOCOMERCIAL_DETALLES WHERE DOCUMENTOCOMERCIAL_OID='402881c483ba1bc70183ba24d3f20002' AND CANTIDAD=2 AND PRODUCTO_NUMERO=2
INSERT INTO DOCUMENTOCOMERCIAL_DETALLES VALUES('402881c483ba1bc70183ba24d3f20002',3,1)
INSERT INTO DOCUMENTOCOMERCIAL_DETALLES VALUES('402881c483ba1bc70183ba24d3f20002',2,2)
COMMIT
